27 дек. 2022 13:47:25,893 system - system - system  INFO ExInfoLogger - SQL SESSION CLOSE SQL@1538647772
	at lsfusion.base.ExceptionUtils.getStackTrace(ExceptionUtils.java:26)
	at lsfusion.server.physics.admin.log.ServerLoggers.exinfoLog(ServerLoggers.java:122)
	at lsfusion.server.data.sql.SQLSession.onClose(SQLSession.java:2664)
	at lsfusion.server.data.sql.SQLSession.onClose(SQLSession.java:1)
	at lsfusion.server.base.MutableClosedObject.explicitClose(MutableClosedObject.java:23)
	at lsfusion.server.data.sql.SQLSession.close(SQLSession.java:3325)
	at lsfusion.server.physics.exec.db.controller.manager.DBManager.closeThreadLocalSql(DBManager.java:816)
	at lsfusion.server.base.controller.thread.ExecutorFactory$ClosableDaemonThreadFactory$ClosableThread.run(ExecutorFactory.java:558)

27 дек. 2022 13:47:32,624 system - system - system  INFO ExInfoLogger - SQL SESSION CLOSE SQL@1238994373
	at lsfusion.base.ExceptionUtils.getStackTrace(ExceptionUtils.java:26)
	at lsfusion.server.physics.admin.log.ServerLoggers.exinfoLog(ServerLoggers.java:122)
	at lsfusion.server.data.sql.SQLSession.onClose(SQLSession.java:2664)
	at lsfusion.server.data.sql.SQLSession.onClose(SQLSession.java:1)
	at lsfusion.server.base.MutableClosedObject.explicitClose(MutableClosedObject.java:23)
	at lsfusion.server.data.sql.SQLSession.close(SQLSession.java:3325)
	at lsfusion.server.physics.exec.db.controller.manager.DBManager.closeThreadLocalSql(DBManager.java:816)
	at lsfusion.server.base.controller.thread.ThreadLocalContext.aspectAfter(ThreadLocalContext.java:324)
	at lsfusion.server.base.controller.thread.ThreadLocalContext.aspectAfterEvent(ThreadLocalContext.java:342)
	at lsfusion.server.base.controller.thread.ThreadLocalContext.aspectAfterEvent(ThreadLocalContext.java:354)
	at lsfusion.server.base.controller.thread.ThreadLocalContext.aspectAfterLifecycle(ThreadLocalContext.java:426)
	at lsfusion.server.logics.LogicsInstance.lambda$1(LogicsInstance.java:179)
	at lsfusion.server.logics.LogicsInstance.start(LogicsInstance.java:199)
	at lsfusion.server.logics.BusinessLogicsBootstrap.start(BusinessLogicsBootstrap.java:54)
	at lsfusion.server.logics.BusinessLogicsBootstrap.main(BusinessLogicsBootstrap.java:168)

27 дек. 2022 13:48:13,020 system - system - system  INFO ExInfoLogger - SQL SESSION CLOSE SQL@1964441238
	at lsfusion.base.ExceptionUtils.getStackTrace(ExceptionUtils.java:26)
	at lsfusion.server.physics.admin.log.ServerLoggers.exinfoLog(ServerLoggers.java:122)
	at lsfusion.server.data.sql.SQLSession.onClose(SQLSession.java:2664)
	at lsfusion.server.data.sql.SQLSession.onClose(SQLSession.java:1)
	at lsfusion.server.base.MutableClosedObject.explicitClose(MutableClosedObject.java:23)
	at lsfusion.server.data.sql.SQLSession.close(SQLSession.java:3325)
	at lsfusion.server.physics.exec.db.controller.manager.DBManager.closeThreadLocalSql(DBManager.java:816)
	at lsfusion.server.base.controller.thread.ExecutorFactory$ClosableDaemonThreadFactory$ClosableThread.run(ExecutorFactory.java:558)

27 дек. 2022 13:48:26,483 system - system - system  INFO ExInfoLogger - SQL SESSION CLOSE SQL@1650808221
	at lsfusion.base.ExceptionUtils.getStackTrace(ExceptionUtils.java:26)
	at lsfusion.server.physics.admin.log.ServerLoggers.exinfoLog(ServerLoggers.java:122)
	at lsfusion.server.data.sql.SQLSession.onClose(SQLSession.java:2664)
	at lsfusion.server.data.sql.SQLSession.onClose(SQLSession.java:1)
	at lsfusion.server.base.MutableClosedObject.explicitClose(MutableClosedObject.java:23)
	at lsfusion.server.data.sql.SQLSession.close(SQLSession.java:3325)
	at lsfusion.server.physics.exec.db.controller.manager.DBManager.closeThreadLocalSql(DBManager.java:816)
	at lsfusion.server.base.controller.thread.ExecutorFactory$ClosableDaemonThreadFactory$ClosableThread.run(ExecutorFactory.java:558)

27 дек. 2022 13:48:26,483 system - system - system  INFO ExInfoLogger - SQL SESSION CLOSE SQL@2038213552
	at lsfusion.base.ExceptionUtils.getStackTrace(ExceptionUtils.java:26)
	at lsfusion.server.physics.admin.log.ServerLoggers.exinfoLog(ServerLoggers.java:122)
	at lsfusion.server.data.sql.SQLSession.onClose(SQLSession.java:2664)
	at lsfusion.server.data.sql.SQLSession.onClose(SQLSession.java:1)
	at lsfusion.server.base.MutableClosedObject.explicitClose(MutableClosedObject.java:23)
	at lsfusion.server.data.sql.SQLSession.close(SQLSession.java:3325)
	at lsfusion.server.physics.exec.db.controller.manager.DBManager.closeThreadLocalSql(DBManager.java:816)
	at lsfusion.server.base.controller.thread.ExecutorFactory$ClosableDaemonThreadFactory$ClosableThread.run(ExecutorFactory.java:558)

27 дек. 2022 13:48:26,483 system - system - system  INFO ExInfoLogger - SQL SESSION CLOSE SQL@1781581210
	at lsfusion.base.ExceptionUtils.getStackTrace(ExceptionUtils.java:26)
	at lsfusion.server.physics.admin.log.ServerLoggers.exinfoLog(ServerLoggers.java:122)
	at lsfusion.server.data.sql.SQLSession.onClose(SQLSession.java:2664)
	at lsfusion.server.data.sql.SQLSession.onClose(SQLSession.java:1)
	at lsfusion.server.base.MutableClosedObject.explicitClose(MutableClosedObject.java:23)
	at lsfusion.server.data.sql.SQLSession.close(SQLSession.java:3325)
	at lsfusion.server.physics.exec.db.controller.manager.DBManager.closeThreadLocalSql(DBManager.java:816)
	at lsfusion.server.base.controller.thread.ExecutorFactory$ClosableDaemonThreadFactory$ClosableThread.run(ExecutorFactory.java:558)

27 дек. 2022 13:48:26,486 system - system - system  INFO ExInfoLogger - SQL SESSION CLOSE SQL@1238994373
	at lsfusion.base.ExceptionUtils.getStackTrace(ExceptionUtils.java:26)
	at lsfusion.server.physics.admin.log.ServerLoggers.exinfoLog(ServerLoggers.java:122)
	at lsfusion.server.data.sql.SQLSession.onClose(SQLSession.java:2664)
	at lsfusion.server.data.sql.SQLSession.onClose(SQLSession.java:1)
	at lsfusion.server.base.MutableClosedObject.explicitClose(MutableClosedObject.java:23)
	at lsfusion.server.data.sql.SQLSession.close(SQLSession.java:3325)
	at lsfusion.server.physics.exec.db.controller.manager.DBManager.closeThreadLocalSql(DBManager.java:816)
	at lsfusion.server.base.controller.thread.ThreadLocalContext.aspectAfter(ThreadLocalContext.java:324)
	at lsfusion.server.base.controller.thread.ThreadLocalContext.aspectAfterEvent(ThreadLocalContext.java:342)
	at lsfusion.server.base.controller.thread.ThreadLocalContext.aspectAfterEvent(ThreadLocalContext.java:354)
	at lsfusion.server.base.controller.thread.ThreadLocalContext.aspectAfterLifecycle(ThreadLocalContext.java:426)
	at lsfusion.server.logics.LogicsInstance.lambda$1(LogicsInstance.java:179)
	at lsfusion.server.logics.LogicsInstance.start(LogicsInstance.java:199)
	at lsfusion.server.logics.BusinessLogicsBootstrap.start(BusinessLogicsBootstrap.java:54)
	at lsfusion.server.logics.BusinessLogicsBootstrap.main(BusinessLogicsBootstrap.java:168)

27 дек. 2022 13:48:31,018 system - system - system  INFO ExInfoLogger - SQL SESSION CLOSE SQL@1618779985
	at lsfusion.base.ExceptionUtils.getStackTrace(ExceptionUtils.java:26)
	at lsfusion.server.physics.admin.log.ServerLoggers.exinfoLog(ServerLoggers.java:122)
	at lsfusion.server.data.sql.SQLSession.onClose(SQLSession.java:2664)
	at lsfusion.server.data.sql.SQLSession.onClose(SQLSession.java:1)
	at lsfusion.server.base.MutableClosedObject.explicitClose(MutableClosedObject.java:23)
	at lsfusion.server.data.sql.SQLSession.close(SQLSession.java:3325)
	at lsfusion.server.physics.exec.db.controller.manager.DBManager.closeThreadLocalSql(DBManager.java:816)
	at lsfusion.server.base.controller.thread.ThreadLocalContext.aspectAfter(ThreadLocalContext.java:324)
	at lsfusion.server.base.controller.thread.ThreadLocalContext.aspectAfterEvent(ThreadLocalContext.java:342)
	at lsfusion.server.base.controller.thread.ThreadLocalContext.aspectAfterRmi(ThreadLocalContext.java:374)
	at lsfusion.server.logics.controller.remote.RemoteLogics.createNavigator_aroundBody7$advice(RemoteLogics.java:56)
	at lsfusion.server.logics.controller.remote.RemoteLogics.createNavigator(RemoteLogics.java:1)
	at java.base/jdk.internal.reflect.NativeMethodAccessorImpl.invoke0(Native Method)
	at java.base/jdk.internal.reflect.NativeMethodAccessorImpl.invoke(NativeMethodAccessorImpl.java:62)
	at java.base/jdk.internal.reflect.DelegatingMethodAccessorImpl.invoke(DelegatingMethodAccessorImpl.java:43)
	at java.base/java.lang.reflect.Method.invoke(Method.java:566)
	at java.rmi/sun.rmi.server.UnicastServerRef.dispatch(UnicastServerRef.java:359)
	at java.rmi/sun.rmi.transport.Transport$1.run(Transport.java:200)
	at java.rmi/sun.rmi.transport.Transport$1.run(Transport.java:197)
	at java.base/java.security.AccessController.doPrivileged(Native Method)
	at java.rmi/sun.rmi.transport.Transport.serviceCall(Transport.java:196)
	at java.rmi/sun.rmi.transport.tcp.TCPTransport.handleMessages(TCPTransport.java:562)
	at java.rmi/sun.rmi.transport.tcp.TCPTransport$ConnectionHandler.run0(TCPTransport.java:796)
	at java.rmi/sun.rmi.transport.tcp.TCPTransport$ConnectionHandler.lambda$run$0(TCPTransport.java:677)
	at java.base/java.security.AccessController.doPrivileged(Native Method)
	at java.rmi/sun.rmi.transport.tcp.TCPTransport$ConnectionHandler.run(TCPTransport.java:676)
	at java.base/java.util.concurrent.ThreadPoolExecutor.runWorker(ThreadPoolExecutor.java:1128)
	at java.base/java.util.concurrent.ThreadPoolExecutor$Worker.run(ThreadPoolExecutor.java:628)
	at java.base/java.lang.Thread.run(Thread.java:829)

27 дек. 2022 13:48:31,101 system - system - system  INFO ExInfoLogger - SQL SESSION CLOSE SQL@1802504692
	at lsfusion.base.ExceptionUtils.getStackTrace(ExceptionUtils.java:26)
	at lsfusion.server.physics.admin.log.ServerLoggers.exinfoLog(ServerLoggers.java:122)
	at lsfusion.server.data.sql.SQLSession.onClose(SQLSession.java:2664)
	at lsfusion.server.data.sql.SQLSession.onClose(SQLSession.java:1)
	at lsfusion.server.base.MutableClosedObject.explicitClose(MutableClosedObject.java:23)
	at lsfusion.server.data.sql.SQLSession.close(SQLSession.java:3325)
	at lsfusion.server.physics.admin.authentication.controller.remote.RemoteConnection.onClose(RemoteConnection.java:256)
	at lsfusion.server.logics.action.session.controller.remote.RemoteSession.onClose(RemoteSession.java:289)
	at lsfusion.server.base.controller.remote.context.ContextAwarePendingRemoteObject.localClose(ContextAwarePendingRemoteObject.java:226)
	at lsfusion.server.logics.controller.remote.RemoteLogics.runInNewSession(RemoteLogics.java:151)
	at lsfusion.server.logics.controller.remote.RemoteLogics.exec_aroundBody16(RemoteLogics.java:157)
	at lsfusion.server.logics.controller.remote.RemoteLogics$AjcClosure17.run(RemoteLogics.java:1)
	at org.aspectj.runtime.reflect.JoinPointImpl.proceed(JoinPointImpl.java:149)
	at lsfusion.server.base.controller.stack.ExecutionStackAspect.processStackItem(ExecutionStackAspect.java:252)
	at lsfusion.server.base.controller.stack.ExecutionStackAspect.ajc$inlineAccessMethod$lsfusion_server_base_controller_stack_ExecutionStackAspect$lsfusion_server_base_controller_stack_ExecutionStackAspect$processStackItem(ExecutionStackAspect.java:1)
	at lsfusion.server.base.controller.stack.ExecutionStackAspect.execute(ExecutionStackAspect.java:196)
	at lsfusion.server.logics.controller.remote.RemoteLogics.exec_aroundBody18(RemoteLogics.java:156)
	at lsfusion.server.logics.controller.remote.RemoteLogics$AjcClosure19.run(RemoteLogics.java:1)
	at org.aspectj.runtime.reflect.JoinPointImpl.proceed(JoinPointImpl.java:149)
	at lsfusion.server.physics.admin.log.RemoteLoggerAspect.executeRemoteMethod(RemoteLoggerAspect.java:35)
	at lsfusion.server.logics.controller.remote.RemoteLogics.exec_aroundBody20(RemoteLogics.java:156)
	at lsfusion.server.logics.controller.remote.RemoteLogics.exec_aroundBody21$advice(RemoteLogics.java:30)
	at lsfusion.server.logics.controller.remote.RemoteLogics.exec_aroundBody22(RemoteLogics.java:1)
	at lsfusion.server.logics.controller.remote.RemoteLogics.exec_aroundBody23$advice(RemoteLogics.java:47)
	at lsfusion.server.logics.controller.remote.RemoteLogics.exec(RemoteLogics.java:1)
	at java.base/jdk.internal.reflect.NativeMethodAccessorImpl.invoke0(Native Method)
	at java.base/jdk.internal.reflect.NativeMethodAccessorImpl.invoke(NativeMethodAccessorImpl.java:62)
	at java.base/jdk.internal.reflect.DelegatingMethodAccessorImpl.invoke(DelegatingMethodAccessorImpl.java:43)
	at java.base/java.lang.reflect.Method.invoke(Method.java:566)
	at java.rmi/sun.rmi.server.UnicastServerRef.dispatch(UnicastServerRef.java:359)
	at java.rmi/sun.rmi.transport.Transport$1.run(Transport.java:200)
	at java.rmi/sun.rmi.transport.Transport$1.run(Transport.java:197)
	at java.base/java.security.AccessController.doPrivileged(Native Method)
	at java.rmi/sun.rmi.transport.Transport.serviceCall(Transport.java:196)
	at java.rmi/sun.rmi.transport.tcp.TCPTransport.handleMessages(TCPTransport.java:562)
	at java.rmi/sun.rmi.transport.tcp.TCPTransport$ConnectionHandler.run0(TCPTransport.java:796)
	at java.rmi/sun.rmi.transport.tcp.TCPTransport$ConnectionHandler.lambda$run$0(TCPTransport.java:677)
	at java.base/java.security.AccessController.doPrivileged(Native Method)
	at java.rmi/sun.rmi.transport.tcp.TCPTransport$ConnectionHandler.run(TCPTransport.java:676)
	at java.base/java.util.concurrent.ThreadPoolExecutor.runWorker(ThreadPoolExecutor.java:1128)
	at java.base/java.util.concurrent.ThreadPoolExecutor$Worker.run(ThreadPoolExecutor.java:628)
	at java.base/java.lang.Thread.run(Thread.java:829)

27 дек. 2022 13:48:31,231 system - 127.0.0.1 - 127.0.0.1  INFO ExInfoLogger - SQL SESSION CLOSE SQL@1765440289
	at lsfusion.base.ExceptionUtils.getStackTrace(ExceptionUtils.java:26)
	at lsfusion.server.physics.admin.log.ServerLoggers.exinfoLog(ServerLoggers.java:122)
	at lsfusion.server.data.sql.SQLSession.onClose(SQLSession.java:2664)
	at lsfusion.server.data.sql.SQLSession.onClose(SQLSession.java:1)
	at lsfusion.server.base.MutableClosedObject.explicitClose(MutableClosedObject.java:23)
	at lsfusion.server.data.sql.SQLSession.close(SQLSession.java:3325)
	at lsfusion.server.physics.exec.db.controller.manager.DBManager.closeThreadLocalSql(DBManager.java:816)
	at lsfusion.server.base.controller.thread.ThreadLocalContext.aspectAfter(ThreadLocalContext.java:324)
	at lsfusion.server.base.controller.thread.ThreadLocalContext.aspectAfterEvent(ThreadLocalContext.java:342)
	at lsfusion.server.base.controller.thread.ThreadLocalContext.aspectAfterRmi(ThreadLocalContext.java:374)
	at lsfusion.server.logics.navigator.controller.remote.RemoteNavigator.logClientException_aroundBody9$advice(RemoteNavigator.java:56)
	at lsfusion.server.logics.navigator.controller.remote.RemoteNavigator.logClientException(RemoteNavigator.java:1)
	at java.base/jdk.internal.reflect.NativeMethodAccessorImpl.invoke0(Native Method)
	at java.base/jdk.internal.reflect.NativeMethodAccessorImpl.invoke(NativeMethodAccessorImpl.java:62)
	at java.base/jdk.internal.reflect.DelegatingMethodAccessorImpl.invoke(DelegatingMethodAccessorImpl.java:43)
	at java.base/java.lang.reflect.Method.invoke(Method.java:566)
	at java.rmi/sun.rmi.server.UnicastServerRef.dispatch(UnicastServerRef.java:359)
	at java.rmi/sun.rmi.transport.Transport$1.run(Transport.java:200)
	at java.rmi/sun.rmi.transport.Transport$1.run(Transport.java:197)
	at java.base/java.security.AccessController.doPrivileged(Native Method)
	at java.rmi/sun.rmi.transport.Transport.serviceCall(Transport.java:196)
	at java.rmi/sun.rmi.transport.tcp.TCPTransport.handleMessages(TCPTransport.java:562)
	at java.rmi/sun.rmi.transport.tcp.TCPTransport$ConnectionHandler.run0(TCPTransport.java:796)
	at java.rmi/sun.rmi.transport.tcp.TCPTransport$ConnectionHandler.lambda$run$0(TCPTransport.java:677)
	at java.base/java.security.AccessController.doPrivileged(Native Method)
	at java.rmi/sun.rmi.transport.tcp.TCPTransport$ConnectionHandler.run(TCPTransport.java:676)
	at java.base/java.util.concurrent.ThreadPoolExecutor.runWorker(ThreadPoolExecutor.java:1128)
	at java.base/java.util.concurrent.ThreadPoolExecutor$Worker.run(ThreadPoolExecutor.java:628)
	at java.base/java.lang.Thread.run(Thread.java:829)

