27 дек. 2022 13:47:32,627 ERROR SchedulerLogger - SERVER STOPPING, all scheduled tasks will be interrupted
27 дек. 2022 13:48:16,544  INFO SchedulerLogger - Started running scheduler task - Changing current dateTime
27 дек. 2022 13:48:16,544  INFO SchedulerLogger - Started running scheduler task - Changing current date
27 дек. 2022 13:48:16,593  INFO SchedulerLogger - Finished running scheduler task - Changing current date
27 дек. 2022 13:48:16,639  INFO SchedulerLogger - Finished running scheduler task - Changing current dateTime
27 дек. 2022 13:48:46,550  INFO SchedulerLogger - Started running scheduler task - Changing current date
27 дек. 2022 13:48:46,553  INFO SchedulerLogger - Finished running scheduler task - Changing current date
27 дек. 2022 13:49:16,559  INFO SchedulerLogger - Started running scheduler task - Changing current date
27 дек. 2022 13:49:16,562  INFO SchedulerLogger - Finished running scheduler task - Changing current date
27 дек. 2022 13:49:46,565  INFO SchedulerLogger - Started running scheduler task - Changing current date
27 дек. 2022 13:49:46,567  INFO SchedulerLogger - Finished running scheduler task - Changing current date
27 дек. 2022 13:50:16,575  INFO SchedulerLogger - Started running scheduler task - Changing current date
27 дек. 2022 13:50:16,577  INFO SchedulerLogger - Finished running scheduler task - Changing current date
27 дек. 2022 13:50:46,583  INFO SchedulerLogger - Started running scheduler task - Changing current date
27 дек. 2022 13:50:46,586  INFO SchedulerLogger - Finished running scheduler task - Changing current date
27 дек. 2022 13:51:16,598  INFO SchedulerLogger - Started running scheduler task - Changing current date
27 дек. 2022 13:51:16,600  INFO SchedulerLogger - Finished running scheduler task - Changing current date
27 дек. 2022 13:51:46,614  INFO SchedulerLogger - Started running scheduler task - Changing current date
27 дек. 2022 13:51:46,616  INFO SchedulerLogger - Finished running scheduler task - Changing current date
27 дек. 2022 13:52:16,621  INFO SchedulerLogger - Started running scheduler task - Changing current date
27 дек. 2022 13:52:16,622  INFO SchedulerLogger - Finished running scheduler task - Changing current date
27 дек. 2022 13:52:46,627  INFO SchedulerLogger - Started running scheduler task - Changing current date
27 дек. 2022 13:52:46,629  INFO SchedulerLogger - Finished running scheduler task - Changing current date
27 дек. 2022 13:53:16,643  INFO SchedulerLogger - Started running scheduler task - Changing current date
27 дек. 2022 13:53:16,645  INFO SchedulerLogger - Finished running scheduler task - Changing current date
27 дек. 2022 13:53:46,647  INFO SchedulerLogger - Started running scheduler task - Changing current date
27 дек. 2022 13:53:46,649  INFO SchedulerLogger - Finished running scheduler task - Changing current date
27 дек. 2022 13:54:16,659  INFO SchedulerLogger - Started running scheduler task - Changing current date
27 дек. 2022 13:54:16,661  INFO SchedulerLogger - Finished running scheduler task - Changing current date
27 дек. 2022 13:54:46,665  INFO SchedulerLogger - Started running scheduler task - Changing current date
27 дек. 2022 13:54:46,667  INFO SchedulerLogger - Finished running scheduler task - Changing current date
27 дек. 2022 13:55:16,671  INFO SchedulerLogger - Started running scheduler task - Changing current date
27 дек. 2022 13:55:16,673  INFO SchedulerLogger - Finished running scheduler task - Changing current date
27 дек. 2022 13:55:46,688  INFO SchedulerLogger - Started running scheduler task - Changing current date
27 дек. 2022 13:55:46,689  INFO SchedulerLogger - Finished running scheduler task - Changing current date
27 дек. 2022 13:56:16,693  INFO SchedulerLogger - Started running scheduler task - Changing current date
27 дек. 2022 13:56:16,695  INFO SchedulerLogger - Finished running scheduler task - Changing current date
27 дек. 2022 13:56:46,704  INFO SchedulerLogger - Started running scheduler task - Changing current date
27 дек. 2022 13:56:46,706  INFO SchedulerLogger - Finished running scheduler task - Changing current date
27 дек. 2022 13:57:16,711  INFO SchedulerLogger - Started running scheduler task - Changing current date
27 дек. 2022 13:57:16,713  INFO SchedulerLogger - Finished running scheduler task - Changing current date
27 дек. 2022 13:57:46,725  INFO SchedulerLogger - Started running scheduler task - Changing current date
27 дек. 2022 13:57:46,727  INFO SchedulerLogger - Finished running scheduler task - Changing current date
27 дек. 2022 13:58:16,730  INFO SchedulerLogger - Started running scheduler task - Changing current date
27 дек. 2022 13:58:16,732  INFO SchedulerLogger - Finished running scheduler task - Changing current date
27 дек. 2022 13:58:46,734  INFO SchedulerLogger - Started running scheduler task - Changing current date
27 дек. 2022 13:58:46,736  INFO SchedulerLogger - Finished running scheduler task - Changing current date
27 дек. 2022 13:59:16,742  INFO SchedulerLogger - Started running scheduler task - Changing current date
27 дек. 2022 13:59:16,743  INFO SchedulerLogger - Finished running scheduler task - Changing current date
27 дек. 2022 13:59:46,745  INFO SchedulerLogger - Started running scheduler task - Changing current date
27 дек. 2022 13:59:46,748  INFO SchedulerLogger - Finished running scheduler task - Changing current date
27 дек. 2022 14:00:16,754  INFO SchedulerLogger - Started running scheduler task - Changing current date
27 дек. 2022 14:00:16,756  INFO SchedulerLogger - Finished running scheduler task - Changing current date
27 дек. 2022 14:00:46,772  INFO SchedulerLogger - Started running scheduler task - Changing current date
27 дек. 2022 14:00:46,774  INFO SchedulerLogger - Finished running scheduler task - Changing current date
27 дек. 2022 14:01:16,783  INFO SchedulerLogger - Started running scheduler task - Changing current date
27 дек. 2022 14:01:16,785  INFO SchedulerLogger - Finished running scheduler task - Changing current date
27 дек. 2022 14:01:46,798  INFO SchedulerLogger - Started running scheduler task - Changing current date
27 дек. 2022 14:01:46,800  INFO SchedulerLogger - Finished running scheduler task - Changing current date
27 дек. 2022 14:02:16,813  INFO SchedulerLogger - Started running scheduler task - Changing current date
27 дек. 2022 14:02:16,815  INFO SchedulerLogger - Finished running scheduler task - Changing current date
27 дек. 2022 14:02:46,818  INFO SchedulerLogger - Started running scheduler task - Changing current date
27 дек. 2022 14:02:46,820  INFO SchedulerLogger - Finished running scheduler task - Changing current date
27 дек. 2022 14:03:16,833  INFO SchedulerLogger - Started running scheduler task - Changing current date
27 дек. 2022 14:03:16,835  INFO SchedulerLogger - Finished running scheduler task - Changing current date
27 дек. 2022 14:03:46,849  INFO SchedulerLogger - Started running scheduler task - Changing current date
27 дек. 2022 14:03:46,851  INFO SchedulerLogger - Finished running scheduler task - Changing current date
27 дек. 2022 14:04:16,854  INFO SchedulerLogger - Started running scheduler task - Changing current date
27 дек. 2022 14:04:16,856  INFO SchedulerLogger - Finished running scheduler task - Changing current date
27 дек. 2022 14:04:46,863  INFO SchedulerLogger - Started running scheduler task - Changing current date
27 дек. 2022 14:04:46,865  INFO SchedulerLogger - Finished running scheduler task - Changing current date
27 дек. 2022 14:05:16,878  INFO SchedulerLogger - Started running scheduler task - Changing current date
27 дек. 2022 14:05:16,880  INFO SchedulerLogger - Finished running scheduler task - Changing current date
27 дек. 2022 14:05:46,891  INFO SchedulerLogger - Started running scheduler task - Changing current date
27 дек. 2022 14:05:46,893  INFO SchedulerLogger - Finished running scheduler task - Changing current date
27 дек. 2022 14:06:16,899  INFO SchedulerLogger - Started running scheduler task - Changing current date
27 дек. 2022 14:06:16,901  INFO SchedulerLogger - Finished running scheduler task - Changing current date
27 дек. 2022 14:06:46,906  INFO SchedulerLogger - Started running scheduler task - Changing current date
27 дек. 2022 14:06:46,908  INFO SchedulerLogger - Finished running scheduler task - Changing current date
27 дек. 2022 14:07:16,916  INFO SchedulerLogger - Started running scheduler task - Changing current date
27 дек. 2022 14:07:16,917  INFO SchedulerLogger - Finished running scheduler task - Changing current date
27 дек. 2022 14:07:46,920  INFO SchedulerLogger - Started running scheduler task - Changing current date
27 дек. 2022 14:07:46,922  INFO SchedulerLogger - Finished running scheduler task - Changing current date
27 дек. 2022 14:08:16,933  INFO SchedulerLogger - Started running scheduler task - Changing current date
27 дек. 2022 14:08:16,935  INFO SchedulerLogger - Finished running scheduler task - Changing current date
27 дек. 2022 14:08:46,937  INFO SchedulerLogger - Started running scheduler task - Changing current date
27 дек. 2022 14:08:46,939  INFO SchedulerLogger - Finished running scheduler task - Changing current date
27 дек. 2022 14:09:16,948  INFO SchedulerLogger - Started running scheduler task - Changing current date
27 дек. 2022 14:09:16,951  INFO SchedulerLogger - Finished running scheduler task - Changing current date
27 дек. 2022 14:09:46,957  INFO SchedulerLogger - Started running scheduler task - Changing current date
27 дек. 2022 14:09:46,959  INFO SchedulerLogger - Finished running scheduler task - Changing current date
27 дек. 2022 14:10:16,973  INFO SchedulerLogger - Started running scheduler task - Changing current date
27 дек. 2022 14:10:16,975  INFO SchedulerLogger - Finished running scheduler task - Changing current date
27 дек. 2022 14:10:46,989  INFO SchedulerLogger - Started running scheduler task - Changing current date
27 дек. 2022 14:10:46,992  INFO SchedulerLogger - Finished running scheduler task - Changing current date
27 дек. 2022 14:11:16,997  INFO SchedulerLogger - Started running scheduler task - Changing current date
27 дек. 2022 14:11:16,999  INFO SchedulerLogger - Finished running scheduler task - Changing current date
27 дек. 2022 14:11:47,012  INFO SchedulerLogger - Started running scheduler task - Changing current date
27 дек. 2022 14:11:47,015  INFO SchedulerLogger - Finished running scheduler task - Changing current date
27 дек. 2022 14:12:17,019  INFO SchedulerLogger - Started running scheduler task - Changing current date
27 дек. 2022 14:12:17,021  INFO SchedulerLogger - Finished running scheduler task - Changing current date
27 дек. 2022 14:12:47,026  INFO SchedulerLogger - Started running scheduler task - Changing current date
27 дек. 2022 14:12:47,028  INFO SchedulerLogger - Finished running scheduler task - Changing current date
27 дек. 2022 14:13:17,037  INFO SchedulerLogger - Started running scheduler task - Changing current date
27 дек. 2022 14:13:17,039  INFO SchedulerLogger - Finished running scheduler task - Changing current date
27 дек. 2022 14:13:47,047  INFO SchedulerLogger - Started running scheduler task - Changing current date
27 дек. 2022 14:13:47,049  INFO SchedulerLogger - Finished running scheduler task - Changing current date
27 дек. 2022 14:14:17,052  INFO SchedulerLogger - Started running scheduler task - Changing current date
27 дек. 2022 14:14:17,054  INFO SchedulerLogger - Finished running scheduler task - Changing current date
27 дек. 2022 14:14:47,069  INFO SchedulerLogger - Started running scheduler task - Changing current date
27 дек. 2022 14:14:47,071  INFO SchedulerLogger - Finished running scheduler task - Changing current date
27 дек. 2022 14:15:17,076  INFO SchedulerLogger - Started running scheduler task - Changing current date
27 дек. 2022 14:15:17,078  INFO SchedulerLogger - Finished running scheduler task - Changing current date
27 дек. 2022 14:15:47,090  INFO SchedulerLogger - Started running scheduler task - Changing current date
27 дек. 2022 14:15:47,092  INFO SchedulerLogger - Finished running scheduler task - Changing current date
27 дек. 2022 14:16:17,104  INFO SchedulerLogger - Started running scheduler task - Changing current date
27 дек. 2022 14:16:17,106  INFO SchedulerLogger - Finished running scheduler task - Changing current date
27 дек. 2022 14:16:47,116  INFO SchedulerLogger - Started running scheduler task - Changing current date
27 дек. 2022 14:16:47,118  INFO SchedulerLogger - Finished running scheduler task - Changing current date
27 дек. 2022 14:17:17,132  INFO SchedulerLogger - Started running scheduler task - Changing current date
27 дек. 2022 14:17:17,134  INFO SchedulerLogger - Finished running scheduler task - Changing current date
27 дек. 2022 14:17:47,139  INFO SchedulerLogger - Started running scheduler task - Changing current date
27 дек. 2022 14:17:47,141  INFO SchedulerLogger - Finished running scheduler task - Changing current date
27 дек. 2022 14:18:16,551  INFO SchedulerLogger - Started running scheduler task - Changing current dateTime
27 дек. 2022 14:18:16,585  INFO SchedulerLogger - Finished running scheduler task - Changing current dateTime
27 дек. 2022 14:18:17,148  INFO SchedulerLogger - Started running scheduler task - Changing current date
27 дек. 2022 14:18:17,157  INFO SchedulerLogger - Finished running scheduler task - Changing current date
27 дек. 2022 14:18:47,159  INFO SchedulerLogger - Started running scheduler task - Changing current date
27 дек. 2022 14:18:47,161  INFO SchedulerLogger - Finished running scheduler task - Changing current date
27 дек. 2022 14:19:17,175  INFO SchedulerLogger - Started running scheduler task - Changing current date
27 дек. 2022 14:19:17,177  INFO SchedulerLogger - Finished running scheduler task - Changing current date
27 дек. 2022 14:19:47,186  INFO SchedulerLogger - Started running scheduler task - Changing current date
27 дек. 2022 14:19:47,187  INFO SchedulerLogger - Finished running scheduler task - Changing current date
27 дек. 2022 14:20:17,191  INFO SchedulerLogger - Started running scheduler task - Changing current date
27 дек. 2022 14:20:17,194  INFO SchedulerLogger - Finished running scheduler task - Changing current date
27 дек. 2022 14:20:47,200  INFO SchedulerLogger - Started running scheduler task - Changing current date
27 дек. 2022 14:20:47,202  INFO SchedulerLogger - Finished running scheduler task - Changing current date
27 дек. 2022 14:21:17,206  INFO SchedulerLogger - Started running scheduler task - Changing current date
27 дек. 2022 14:21:17,208  INFO SchedulerLogger - Finished running scheduler task - Changing current date
27 дек. 2022 14:21:47,214  INFO SchedulerLogger - Started running scheduler task - Changing current date
27 дек. 2022 14:21:47,216  INFO SchedulerLogger - Finished running scheduler task - Changing current date
27 дек. 2022 14:22:17,232  INFO SchedulerLogger - Started running scheduler task - Changing current date
27 дек. 2022 14:22:17,234  INFO SchedulerLogger - Finished running scheduler task - Changing current date
27 дек. 2022 14:22:47,249  INFO SchedulerLogger - Started running scheduler task - Changing current date
27 дек. 2022 14:22:47,251  INFO SchedulerLogger - Finished running scheduler task - Changing current date
27 дек. 2022 14:23:17,255  INFO SchedulerLogger - Started running scheduler task - Changing current date
27 дек. 2022 14:23:17,257  INFO SchedulerLogger - Finished running scheduler task - Changing current date
27 дек. 2022 14:23:47,265  INFO SchedulerLogger - Started running scheduler task - Changing current date
27 дек. 2022 14:23:47,267  INFO SchedulerLogger - Finished running scheduler task - Changing current date
27 дек. 2022 14:24:17,274  INFO SchedulerLogger - Started running scheduler task - Changing current date
27 дек. 2022 14:24:17,276  INFO SchedulerLogger - Finished running scheduler task - Changing current date
27 дек. 2022 14:24:47,283  INFO SchedulerLogger - Started running scheduler task - Changing current date
27 дек. 2022 14:24:47,285  INFO SchedulerLogger - Finished running scheduler task - Changing current date
27 дек. 2022 14:25:17,287  INFO SchedulerLogger - Started running scheduler task - Changing current date
27 дек. 2022 14:25:17,289  INFO SchedulerLogger - Finished running scheduler task - Changing current date
27 дек. 2022 14:25:47,304  INFO SchedulerLogger - Started running scheduler task - Changing current date
27 дек. 2022 14:25:47,306  INFO SchedulerLogger - Finished running scheduler task - Changing current date
27 дек. 2022 14:26:17,309  INFO SchedulerLogger - Started running scheduler task - Changing current date
27 дек. 2022 14:26:17,311  INFO SchedulerLogger - Finished running scheduler task - Changing current date
27 дек. 2022 14:26:47,324  INFO SchedulerLogger - Started running scheduler task - Changing current date
27 дек. 2022 14:26:47,326  INFO SchedulerLogger - Finished running scheduler task - Changing current date
27 дек. 2022 14:27:17,331  INFO SchedulerLogger - Started running scheduler task - Changing current date
27 дек. 2022 14:27:17,333  INFO SchedulerLogger - Finished running scheduler task - Changing current date
27 дек. 2022 14:27:47,343  INFO SchedulerLogger - Started running scheduler task - Changing current date
27 дек. 2022 14:27:47,345  INFO SchedulerLogger - Finished running scheduler task - Changing current date
27 дек. 2022 14:28:17,353  INFO SchedulerLogger - Started running scheduler task - Changing current date
27 дек. 2022 14:28:17,355  INFO SchedulerLogger - Finished running scheduler task - Changing current date
27 дек. 2022 14:28:47,358  INFO SchedulerLogger - Started running scheduler task - Changing current date
27 дек. 2022 14:28:47,360  INFO SchedulerLogger - Finished running scheduler task - Changing current date
27 дек. 2022 14:29:17,361  INFO SchedulerLogger - Started running scheduler task - Changing current date
27 дек. 2022 14:29:17,363  INFO SchedulerLogger - Finished running scheduler task - Changing current date
27 дек. 2022 14:29:47,379  INFO SchedulerLogger - Started running scheduler task - Changing current date
27 дек. 2022 14:29:47,381  INFO SchedulerLogger - Finished running scheduler task - Changing current date
27 дек. 2022 14:30:17,396  INFO SchedulerLogger - Started running scheduler task - Changing current date
27 дек. 2022 14:30:17,398  INFO SchedulerLogger - Finished running scheduler task - Changing current date
27 дек. 2022 14:30:47,410  INFO SchedulerLogger - Started running scheduler task - Changing current date
27 дек. 2022 14:30:47,412  INFO SchedulerLogger - Finished running scheduler task - Changing current date
27 дек. 2022 14:31:17,414  INFO SchedulerLogger - Started running scheduler task - Changing current date
27 дек. 2022 14:31:17,416  INFO SchedulerLogger - Finished running scheduler task - Changing current date
27 дек. 2022 14:31:47,431  INFO SchedulerLogger - Started running scheduler task - Changing current date
27 дек. 2022 14:31:47,433  INFO SchedulerLogger - Finished running scheduler task - Changing current date
27 дек. 2022 14:32:17,437  INFO SchedulerLogger - Started running scheduler task - Changing current date
27 дек. 2022 14:32:17,439  INFO SchedulerLogger - Finished running scheduler task - Changing current date
27 дек. 2022 14:32:47,449  INFO SchedulerLogger - Started running scheduler task - Changing current date
27 дек. 2022 14:32:47,450  INFO SchedulerLogger - Finished running scheduler task - Changing current date
27 дек. 2022 14:33:17,452  INFO SchedulerLogger - Started running scheduler task - Changing current date
27 дек. 2022 14:33:17,454  INFO SchedulerLogger - Finished running scheduler task - Changing current date
27 дек. 2022 14:33:47,461  INFO SchedulerLogger - Started running scheduler task - Changing current date
27 дек. 2022 14:33:47,463  INFO SchedulerLogger - Finished running scheduler task - Changing current date
27 дек. 2022 14:34:17,464  INFO SchedulerLogger - Started running scheduler task - Changing current date
27 дек. 2022 14:34:17,466  INFO SchedulerLogger - Finished running scheduler task - Changing current date
27 дек. 2022 14:34:47,481  INFO SchedulerLogger - Started running scheduler task - Changing current date
27 дек. 2022 14:34:47,483  INFO SchedulerLogger - Finished running scheduler task - Changing current date
27 дек. 2022 14:35:17,494  INFO SchedulerLogger - Started running scheduler task - Changing current date
27 дек. 2022 14:35:17,496  INFO SchedulerLogger - Finished running scheduler task - Changing current date
27 дек. 2022 14:35:47,500  INFO SchedulerLogger - Started running scheduler task - Changing current date
27 дек. 2022 14:35:47,502  INFO SchedulerLogger - Finished running scheduler task - Changing current date
27 дек. 2022 14:36:17,510  INFO SchedulerLogger - Started running scheduler task - Changing current date
27 дек. 2022 14:36:17,512  INFO SchedulerLogger - Finished running scheduler task - Changing current date
27 дек. 2022 14:36:47,517  INFO SchedulerLogger - Started running scheduler task - Changing current date
27 дек. 2022 14:36:47,520  INFO SchedulerLogger - Finished running scheduler task - Changing current date
27 дек. 2022 14:37:17,526  INFO SchedulerLogger - Started running scheduler task - Changing current date
27 дек. 2022 14:37:17,528  INFO SchedulerLogger - Finished running scheduler task - Changing current date
27 дек. 2022 14:37:47,536  INFO SchedulerLogger - Started running scheduler task - Changing current date
27 дек. 2022 14:37:47,538  INFO SchedulerLogger - Finished running scheduler task - Changing current date
27 дек. 2022 14:38:17,547  INFO SchedulerLogger - Started running scheduler task - Changing current date
27 дек. 2022 14:38:17,549  INFO SchedulerLogger - Finished running scheduler task - Changing current date
27 дек. 2022 14:38:47,549  INFO SchedulerLogger - Started running scheduler task - Changing current date
27 дек. 2022 14:38:47,552  INFO SchedulerLogger - Finished running scheduler task - Changing current date
27 дек. 2022 14:39:17,556  INFO SchedulerLogger - Started running scheduler task - Changing current date
27 дек. 2022 14:39:17,559  INFO SchedulerLogger - Finished running scheduler task - Changing current date
27 дек. 2022 14:39:47,560  INFO SchedulerLogger - Started running scheduler task - Changing current date
27 дек. 2022 14:39:47,562  INFO SchedulerLogger - Finished running scheduler task - Changing current date
27 дек. 2022 14:40:17,577  INFO SchedulerLogger - Started running scheduler task - Changing current date
27 дек. 2022 14:40:17,580  INFO SchedulerLogger - Finished running scheduler task - Changing current date
27 дек. 2022 14:40:47,593  INFO SchedulerLogger - Started running scheduler task - Changing current date
27 дек. 2022 14:40:47,595  INFO SchedulerLogger - Finished running scheduler task - Changing current date
27 дек. 2022 14:41:17,599  INFO SchedulerLogger - Started running scheduler task - Changing current date
27 дек. 2022 14:41:17,601  INFO SchedulerLogger - Finished running scheduler task - Changing current date
27 дек. 2022 14:41:47,604  INFO SchedulerLogger - Started running scheduler task - Changing current date
27 дек. 2022 14:41:47,606  INFO SchedulerLogger - Finished running scheduler task - Changing current date
27 дек. 2022 14:42:17,618  INFO SchedulerLogger - Started running scheduler task - Changing current date
27 дек. 2022 14:42:17,620  INFO SchedulerLogger - Finished running scheduler task - Changing current date
27 дек. 2022 14:42:47,625  INFO SchedulerLogger - Started running scheduler task - Changing current date
27 дек. 2022 14:42:47,627  INFO SchedulerLogger - Finished running scheduler task - Changing current date
27 дек. 2022 14:43:17,642  INFO SchedulerLogger - Started running scheduler task - Changing current date
27 дек. 2022 14:43:17,643  INFO SchedulerLogger - Finished running scheduler task - Changing current date
27 дек. 2022 14:43:47,648  INFO SchedulerLogger - Started running scheduler task - Changing current date
27 дек. 2022 14:43:47,650  INFO SchedulerLogger - Finished running scheduler task - Changing current date
27 дек. 2022 14:44:17,661  INFO SchedulerLogger - Started running scheduler task - Changing current date
27 дек. 2022 14:44:17,663  INFO SchedulerLogger - Finished running scheduler task - Changing current date
27 дек. 2022 14:44:47,673  INFO SchedulerLogger - Started running scheduler task - Changing current date
27 дек. 2022 14:44:47,675  INFO SchedulerLogger - Finished running scheduler task - Changing current date
27 дек. 2022 14:45:17,683  INFO SchedulerLogger - Started running scheduler task - Changing current date
27 дек. 2022 14:45:17,684  INFO SchedulerLogger - Finished running scheduler task - Changing current date
27 дек. 2022 14:45:47,688  INFO SchedulerLogger - Started running scheduler task - Changing current date
27 дек. 2022 14:45:47,690  INFO SchedulerLogger - Finished running scheduler task - Changing current date
27 дек. 2022 14:46:17,705  INFO SchedulerLogger - Started running scheduler task - Changing current date
27 дек. 2022 14:46:17,707  INFO SchedulerLogger - Finished running scheduler task - Changing current date
27 дек. 2022 14:46:47,713  INFO SchedulerLogger - Started running scheduler task - Changing current date
27 дек. 2022 14:46:47,716  INFO SchedulerLogger - Finished running scheduler task - Changing current date
27 дек. 2022 14:47:17,730  INFO SchedulerLogger - Started running scheduler task - Changing current date
27 дек. 2022 14:47:17,732  INFO SchedulerLogger - Finished running scheduler task - Changing current date
27 дек. 2022 14:47:47,743  INFO SchedulerLogger - Started running scheduler task - Changing current date
27 дек. 2022 14:47:47,745  INFO SchedulerLogger - Finished running scheduler task - Changing current date
27 дек. 2022 14:48:16,599  INFO SchedulerLogger - Started running scheduler task - Changing current dateTime
27 дек. 2022 14:48:16,630  INFO SchedulerLogger - Finished running scheduler task - Changing current dateTime
27 дек. 2022 14:48:17,751  INFO SchedulerLogger - Started running scheduler task - Changing current date
27 дек. 2022 14:48:17,752  INFO SchedulerLogger - Finished running scheduler task - Changing current date
27 дек. 2022 14:48:47,754  INFO SchedulerLogger - Started running scheduler task - Changing current date
27 дек. 2022 14:48:47,756  INFO SchedulerLogger - Finished running scheduler task - Changing current date
27 дек. 2022 14:49:17,767  INFO SchedulerLogger - Started running scheduler task - Changing current date
27 дек. 2022 14:49:17,769  INFO SchedulerLogger - Finished running scheduler task - Changing current date
27 дек. 2022 14:49:47,781  INFO SchedulerLogger - Started running scheduler task - Changing current date
27 дек. 2022 14:49:47,783  INFO SchedulerLogger - Finished running scheduler task - Changing current date
27 дек. 2022 14:50:17,783  INFO SchedulerLogger - Started running scheduler task - Changing current date
27 дек. 2022 14:50:17,785  INFO SchedulerLogger - Finished running scheduler task - Changing current date
27 дек. 2022 14:50:47,791  INFO SchedulerLogger - Started running scheduler task - Changing current date
27 дек. 2022 14:50:47,793  INFO SchedulerLogger - Finished running scheduler task - Changing current date
27 дек. 2022 14:51:17,803  INFO SchedulerLogger - Started running scheduler task - Changing current date
27 дек. 2022 14:51:17,805  INFO SchedulerLogger - Finished running scheduler task - Changing current date
27 дек. 2022 14:51:47,807  INFO SchedulerLogger - Started running scheduler task - Changing current date
27 дек. 2022 14:51:47,809  INFO SchedulerLogger - Finished running scheduler task - Changing current date
27 дек. 2022 14:52:17,815  INFO SchedulerLogger - Started running scheduler task - Changing current date
27 дек. 2022 14:52:17,818  INFO SchedulerLogger - Finished running scheduler task - Changing current date
27 дек. 2022 14:52:47,821  INFO SchedulerLogger - Started running scheduler task - Changing current date
27 дек. 2022 14:52:47,825  INFO SchedulerLogger - Finished running scheduler task - Changing current date
27 дек. 2022 14:53:17,826  INFO SchedulerLogger - Started running scheduler task - Changing current date
27 дек. 2022 14:53:17,828  INFO SchedulerLogger - Finished running scheduler task - Changing current date
27 дек. 2022 14:53:47,841  INFO SchedulerLogger - Started running scheduler task - Changing current date
27 дек. 2022 14:53:47,845  INFO SchedulerLogger - Finished running scheduler task - Changing current date
27 дек. 2022 14:54:17,853  INFO SchedulerLogger - Started running scheduler task - Changing current date
27 дек. 2022 14:54:17,857  INFO SchedulerLogger - Finished running scheduler task - Changing current date
27 дек. 2022 14:54:47,873  INFO SchedulerLogger - Started running scheduler task - Changing current date
27 дек. 2022 14:54:47,877  INFO SchedulerLogger - Finished running scheduler task - Changing current date
27 дек. 2022 14:55:17,883  INFO SchedulerLogger - Started running scheduler task - Changing current date
27 дек. 2022 14:55:17,886  INFO SchedulerLogger - Finished running scheduler task - Changing current date
27 дек. 2022 14:55:47,895  INFO SchedulerLogger - Started running scheduler task - Changing current date
27 дек. 2022 14:55:47,897  INFO SchedulerLogger - Finished running scheduler task - Changing current date
27 дек. 2022 14:56:17,911  INFO SchedulerLogger - Started running scheduler task - Changing current date
27 дек. 2022 14:56:17,914  INFO SchedulerLogger - Finished running scheduler task - Changing current date
27 дек. 2022 14:56:47,925  INFO SchedulerLogger - Started running scheduler task - Changing current date
27 дек. 2022 14:56:47,928  INFO SchedulerLogger - Finished running scheduler task - Changing current date
27 дек. 2022 14:57:17,940  INFO SchedulerLogger - Started running scheduler task - Changing current date
27 дек. 2022 14:57:17,944  INFO SchedulerLogger - Finished running scheduler task - Changing current date
27 дек. 2022 14:57:47,946  INFO SchedulerLogger - Started running scheduler task - Changing current date
27 дек. 2022 14:57:47,949  INFO SchedulerLogger - Finished running scheduler task - Changing current date
27 дек. 2022 14:58:17,957  INFO SchedulerLogger - Started running scheduler task - Changing current date
27 дек. 2022 14:58:17,961  INFO SchedulerLogger - Finished running scheduler task - Changing current date
27 дек. 2022 14:58:47,964  INFO SchedulerLogger - Started running scheduler task - Changing current date
27 дек. 2022 14:58:47,968  INFO SchedulerLogger - Finished running scheduler task - Changing current date
27 дек. 2022 14:59:17,984  INFO SchedulerLogger - Started running scheduler task - Changing current date
27 дек. 2022 14:59:17,987  INFO SchedulerLogger - Finished running scheduler task - Changing current date
27 дек. 2022 14:59:48,001  INFO SchedulerLogger - Started running scheduler task - Changing current date
27 дек. 2022 14:59:48,004  INFO SchedulerLogger - Finished running scheduler task - Changing current date
27 дек. 2022 15:00:18,004  INFO SchedulerLogger - Started running scheduler task - Changing current date
27 дек. 2022 15:00:18,008  INFO SchedulerLogger - Finished running scheduler task - Changing current date
27 дек. 2022 15:00:48,014  INFO SchedulerLogger - Started running scheduler task - Changing current date
27 дек. 2022 15:00:48,017  INFO SchedulerLogger - Finished running scheduler task - Changing current date
27 дек. 2022 15:01:18,025  INFO SchedulerLogger - Started running scheduler task - Changing current date
27 дек. 2022 15:01:18,028  INFO SchedulerLogger - Finished running scheduler task - Changing current date
27 дек. 2022 15:01:48,042  INFO SchedulerLogger - Started running scheduler task - Changing current date
27 дек. 2022 15:01:48,045  INFO SchedulerLogger - Finished running scheduler task - Changing current date
27 дек. 2022 15:02:18,047  INFO SchedulerLogger - Started running scheduler task - Changing current date
27 дек. 2022 15:02:18,051  INFO SchedulerLogger - Finished running scheduler task - Changing current date
27 дек. 2022 15:02:48,057  INFO SchedulerLogger - Started running scheduler task - Changing current date
27 дек. 2022 15:02:48,059  INFO SchedulerLogger - Finished running scheduler task - Changing current date
27 дек. 2022 15:03:18,064  INFO SchedulerLogger - Started running scheduler task - Changing current date
27 дек. 2022 15:03:18,067  INFO SchedulerLogger - Finished running scheduler task - Changing current date
27 дек. 2022 15:03:48,069  INFO SchedulerLogger - Started running scheduler task - Changing current date
27 дек. 2022 15:03:48,072  INFO SchedulerLogger - Finished running scheduler task - Changing current date
27 дек. 2022 15:04:18,086  INFO SchedulerLogger - Started running scheduler task - Changing current date
27 дек. 2022 15:04:18,088  INFO SchedulerLogger - Finished running scheduler task - Changing current date
27 дек. 2022 15:04:48,098  INFO SchedulerLogger - Started running scheduler task - Changing current date
27 дек. 2022 15:04:48,102  INFO SchedulerLogger - Finished running scheduler task - Changing current date
27 дек. 2022 15:05:18,108  INFO SchedulerLogger - Started running scheduler task - Changing current date
27 дек. 2022 15:05:18,111  INFO SchedulerLogger - Finished running scheduler task - Changing current date
27 дек. 2022 15:05:48,126  INFO SchedulerLogger - Started running scheduler task - Changing current date
27 дек. 2022 15:05:48,130  INFO SchedulerLogger - Finished running scheduler task - Changing current date
27 дек. 2022 15:06:18,145  INFO SchedulerLogger - Started running scheduler task - Changing current date
27 дек. 2022 15:06:18,149  INFO SchedulerLogger - Finished running scheduler task - Changing current date
27 дек. 2022 15:06:48,154  INFO SchedulerLogger - Started running scheduler task - Changing current date
27 дек. 2022 15:06:48,158  INFO SchedulerLogger - Finished running scheduler task - Changing current date
27 дек. 2022 15:07:18,165  INFO SchedulerLogger - Started running scheduler task - Changing current date
27 дек. 2022 15:07:18,169  INFO SchedulerLogger - Finished running scheduler task - Changing current date
27 дек. 2022 15:07:48,175  INFO SchedulerLogger - Started running scheduler task - Changing current date
27 дек. 2022 15:07:48,179  INFO SchedulerLogger - Finished running scheduler task - Changing current date
27 дек. 2022 15:08:18,193  INFO SchedulerLogger - Started running scheduler task - Changing current date
27 дек. 2022 15:08:18,195  INFO SchedulerLogger - Finished running scheduler task - Changing current date
27 дек. 2022 15:08:48,202  INFO SchedulerLogger - Started running scheduler task - Changing current date
27 дек. 2022 15:08:48,205  INFO SchedulerLogger - Finished running scheduler task - Changing current date
27 дек. 2022 15:09:18,220  INFO SchedulerLogger - Started running scheduler task - Changing current date
27 дек. 2022 15:09:18,223  INFO SchedulerLogger - Finished running scheduler task - Changing current date
27 дек. 2022 15:09:48,229  INFO SchedulerLogger - Started running scheduler task - Changing current date
27 дек. 2022 15:09:48,232  INFO SchedulerLogger - Finished running scheduler task - Changing current date
27 дек. 2022 15:10:18,241  INFO SchedulerLogger - Started running scheduler task - Changing current date
27 дек. 2022 15:10:18,244  INFO SchedulerLogger - Finished running scheduler task - Changing current date
27 дек. 2022 15:10:48,258  INFO SchedulerLogger - Started running scheduler task - Changing current date
27 дек. 2022 15:10:48,262  INFO SchedulerLogger - Finished running scheduler task - Changing current date
27 дек. 2022 15:11:18,273  INFO SchedulerLogger - Started running scheduler task - Changing current date
27 дек. 2022 15:11:18,277  INFO SchedulerLogger - Finished running scheduler task - Changing current date
27 дек. 2022 15:11:48,289  INFO SchedulerLogger - Started running scheduler task - Changing current date
27 дек. 2022 15:11:48,292  INFO SchedulerLogger - Finished running scheduler task - Changing current date
27 дек. 2022 15:12:18,309  INFO SchedulerLogger - Started running scheduler task - Changing current date
27 дек. 2022 15:12:18,312  INFO SchedulerLogger - Finished running scheduler task - Changing current date
27 дек. 2022 15:12:48,316  INFO SchedulerLogger - Started running scheduler task - Changing current date
27 дек. 2022 15:12:48,319  INFO SchedulerLogger - Finished running scheduler task - Changing current date
27 дек. 2022 15:13:18,334  INFO SchedulerLogger - Started running scheduler task - Changing current date
27 дек. 2022 15:13:18,337  INFO SchedulerLogger - Finished running scheduler task - Changing current date
