27 дек. 2022 13:47:22,465  INFO StartLogger - Server is starting...
27 дек. 2022 13:47:23,111  INFO StartLogger - Logics instance is starting...
27 дек. 2022 13:47:23,139  INFO StartLogger - Initializing BusinessLogics
27 дек. 2022 13:47:23,144  INFO StartLogger - Initializing string literals data
27 дек. 2022 13:47:23,145  INFO StartLogger - Creating modules
27 дек. 2022 13:47:23,145  INFO StartLogger - Initializing localizer
27 дек. 2022 13:47:23,370  INFO StartLogger - Initializing dependencies
27 дек. 2022 13:47:23,460  INFO StartLogger - Initializing modules order
27 дек. 2022 13:47:23,461  INFO StartLogger - Initializing metacodes and classes
27 дек. 2022 13:47:23,755  INFO StartLogger - Initializing object class
27 дек. 2022 13:47:23,763  INFO StartLogger - Initializing tables
27 дек. 2022 13:47:23,811  INFO StartLogger - Initializing class tables
27 дек. 2022 13:47:23,867  INFO StartLogger - Initializing full tables with one key
27 дек. 2022 13:47:23,868  INFO StartLogger - Initializing main logic
27 дек. 2022 13:47:23,875  INFO StartLogger - Initializing main logic for module : #1 of 48 System (actual: 1)
27 дек. 2022 13:47:24,254  INFO StartLogger - Initializing main logic for module : #2 of 48 Integration (actual: 41)
27 дек. 2022 13:47:24,255  INFO StartLogger - Initializing main logic for module : #5 of 48 LegalEntity (actual: 11)
27 дек. 2022 13:47:24,255  INFO StartLogger - Initializing main logic for module : #6 of 48 MasterData (actual: 6)
27 дек. 2022 13:47:24,255  INFO StartLogger - Initializing main logic for module : #4 of 48 DefaultData (actual: 18)
27 дек. 2022 13:47:24,255  INFO StartLogger - Initializing main logic for module : #7 of 48 Time (actual: 2)
27 дек. 2022 13:47:24,254  INFO StartLogger - Initializing main logic for module : #3 of 48 Sound (actual: 30)
27 дек. 2022 13:47:24,255  INFO StartLogger - Initializing main logic for module : #8 of 48 Item (actual: 10)
27 дек. 2022 13:47:24,255  INFO StartLogger - Initializing main logic for module : #9 of 48 ProcessUtils (actual: 31)
27 дек. 2022 13:47:24,255  INFO StartLogger - Initializing main logic for module : #10 of 48 OpenCV (actual: 46)
27 дек. 2022 13:47:24,255  INFO StartLogger - Initializing main logic for module : #11 of 48 Com (actual: 43)
27 дек. 2022 13:47:24,256  INFO StartLogger - Initializing main logic for module : #12 of 48 Image (actual: 17)
27 дек. 2022 13:47:24,256  INFO StartLogger - Initializing main logic for module : #13 of 48 Printer (actual: 16)
27 дек. 2022 13:47:24,256  INFO StartLogger - Initializing main logic for module : #14 of 48 Stock (actual: 9)
27 дек. 2022 13:47:24,268  INFO StartLogger - Initializing main logic for module : #15 of 48 Numerator (actual: 19)
27 дек. 2022 13:47:24,277  INFO StartLogger - Initializing main logic for module : #16 of 48 Receipt (actual: 12)
27 дек. 2022 13:47:24,277  INFO StartLogger - Initializing main logic for module : #17 of 48 Shipment (actual: 13)
27 дек. 2022 13:47:24,298  INFO StartLogger - Initializing main logic for module : #18 of 48 StockItem (actual: 14)
27 дек. 2022 13:47:24,308  INFO StartLogger - Initializing main logic for module : #19 of 48 StockAccounting (actual: 15)
27 дек. 2022 13:47:24,336  INFO StartLogger - Initializing main logic for module : #20 of 48 Utils (actual: 7)
27 дек. 2022 13:47:24,336  INFO StartLogger - Initializing main logic for module : #21 of 48 Authentication (actual: 3)
27 дек. 2022 13:47:24,390  INFO StartLogger - Initializing main logic for module : #22 of 48 Schedule (actual: 47)
27 дек. 2022 13:47:24,390  INFO StartLogger - Initializing main logic for module : #23 of 48 I18n (actual: 29)
27 дек. 2022 13:47:24,390  INFO StartLogger - Initializing main logic for module : #25 of 48 Fax (actual: 48)
27 дек. 2022 13:47:24,390  INFO StartLogger - Initializing main logic for module : #24 of 48 Excel (actual: 23)
27 дек. 2022 13:47:24,390  INFO StartLogger - Initializing main logic for module : #26 of 48 Hierarchy (actual: 22)
27 дек. 2022 13:47:24,391  INFO StartLogger - Initializing main logic for module : #27 of 48 Geo (actual: 32)
27 дек. 2022 13:47:24,484  INFO StartLogger - Initializing main logic for module : #28 of 48 Historizable (actual: 21)
27 дек. 2022 13:47:24,484  INFO StartLogger - Initializing main logic for module : #30 of 48 Document (actual: 20)
27 дек. 2022 13:47:24,485  INFO StartLogger - Initializing main logic for module : #31 of 48 Reflection (actual: 4)
27 дек. 2022 13:47:24,484  INFO StartLogger - Initializing main logic for module : #29 of 48 ProcessMonitor (actual: 39)
27 дек. 2022 13:47:24,596  INFO StartLogger - Initializing main logic for module : #32 of 48 Email (actual: 24)
27 дек. 2022 13:47:24,596  INFO StartLogger - Initializing main logic for module : #33 of 48 Messenger (actual: 33)
27 дек. 2022 13:47:24,596  INFO StartLogger - Initializing main logic for module : #34 of 48 SystemEvents (actual: 5)
27 дек. 2022 13:47:24,608  INFO StartLogger - Initializing main logic for module : #35 of 48 Skype (actual: 45)
27 дек. 2022 13:47:24,608  INFO StartLogger - Initializing main logic for module : #38 of 48 Telegram (actual: 44)
27 дек. 2022 13:47:24,608  INFO StartLogger - Initializing main logic for module : #37 of 48 Slack (actual: 35)
27 дек. 2022 13:47:24,608  INFO StartLogger - Initializing main logic for module : #36 of 48 Viber (actual: 34)
27 дек. 2022 13:47:24,664  INFO StartLogger - Initializing main logic for module : #39 of 48 Word (actual: 8)
27 дек. 2022 13:47:24,664  INFO StartLogger - Initializing main logic for module : #40 of 48 Security (actual: 25)
27 дек. 2022 13:47:24,797  INFO StartLogger - Initializing main logic for module : #41 of 48 Service (actual: 26)
27 дек. 2022 13:47:24,872  INFO StartLogger - Initializing main logic for module : #42 of 48 Scheduler (actual: 36)
27 дек. 2022 13:47:24,872  INFO StartLogger - Initializing main logic for module : #43 of 48 Eval (actual: 28)
27 дек. 2022 13:47:24,872  INFO StartLogger - Initializing main logic for module : #45 of 48 Chat (actual: 42)
27 дек. 2022 13:47:24,872  INFO StartLogger - Initializing main logic for module : #46 of 48 SQLUtils (actual: 40)
27 дек. 2022 13:47:24,872  INFO StartLogger - Initializing main logic for module : #44 of 48 Profiler (actual: 27)
27 дек. 2022 13:47:24,912  INFO StartLogger - Initializing main logic for module : #47 of 48 SchedulerDefaultData (actual: 37)
27 дек. 2022 13:47:24,914  INFO StartLogger - Initializing main logic for module : #48 of 48 Backup (actual: 38)
27 дек. 2022 13:47:24,939  INFO StartLogger - Finalizing classes
27 дек. 2022 13:47:24,939  INFO StartLogger - Finalizing groups
27 дек. 2022 13:47:24,939  INFO StartLogger - Checking for duplicate elements
27 дек. 2022 13:47:24,954  INFO StartLogger - Filling implicit cases
27 дек. 2022 13:47:24,954  INFO StartLogger - Finalizing abstract actions
27 дек. 2022 13:47:24,954  INFO StartLogger - Initializing abstract properties
27 дек. 2022 13:47:24,986  INFO StartLogger - Initializing class aggr props
27 дек. 2022 13:47:24,986  INFO StartLogger - Checking abstract
27 дек. 2022 13:47:24,987  INFO StartLogger - Initializing fields for data and materialized properties
27 дек. 2022 13:47:24,995  INFO StartLogger - Looking for recursions in abstract actions / properties
27 дек. 2022 13:47:25,016  INFO StartLogger - Finalizing navigator elements
27 дек. 2022 13:47:25,017  INFO StartLogger - Setup property policy
27 дек. 2022 13:47:25,019  INFO StartLogger - Setup reset files
27 дек. 2022 13:47:25,020  INFO StartLogger - Setup drill-down
27 дек. 2022 13:47:25,025  INFO StartLogger - Initializing reflection events
27 дек. 2022 13:47:25,025  INFO StartLogger - Finalizing tables
27 дек. 2022 13:47:25,025  INFO StartLogger - Initializing indices
27 дек. 2022 13:47:25,089  INFO StartLogger - Setup action policy
27 дек. 2022 13:47:25,089  INFO StartLogger - Showing dependencies
27 дек. 2022 13:47:25,375  INFO StartLogger - Reading property links
27 дек. 2022 13:47:25,375  INFO StartLogger - Setup loggables
27 дек. 2022 13:47:25,375  INFO StartLogger - Initializing class data indexes
27 дек. 2022 13:47:25,384  INFO StartLogger - Finalizing properties
27 дек. 2022 13:47:25,640  INFO StartLogger - Building property list
27 дек. 2022 13:47:25,711  INFO StartLogger - Initializing class dialog forms
27 дек. 2022 13:47:25,813  INFO StartLogger - Finalizing forms
27 дек. 2022 13:47:25,891  INFO StartLogger - Initializing actions' debugger
27 дек. 2022 13:47:25,891  INFO StartLogger - Synchronizing DB
27 дек. 2022 13:47:25,973  INFO StartLogger - Checking indices
27 дек. 2022 13:47:25,973  INFO StartLogger - Creating tables
27 дек. 2022 13:47:26,836  INFO StartLogger - Packing tables
27 дек. 2022 13:47:26,836  INFO StartLogger - Adding indices
27 дек. 2022 13:47:26,866  INFO StartLogger - Filling static objects ids
27 дек. 2022 13:47:27,058  INFO StartLogger - Recalculate class stats
27 дек. 2022 13:47:27,923  INFO StartLogger - Updating stats
27 дек. 2022 13:47:28,006  INFO StartLogger - Writing static objects changes
27 дек. 2022 13:47:31,395  INFO StartLogger - Migrating reflection properties and actions
27 дек. 2022 13:47:31,419  INFO StartLogger - Recalculating aggregations
27 дек. 2022 13:47:31,831  INFO StartLogger - Initializing Security Manager.
27 дек. 2022 13:47:31,852  INFO StartLogger - Starting Security Manager.
27 дек. 2022 13:47:32,439  INFO StartLogger - Starting RMI Manager
27 дек. 2022 13:47:32,620 ERROR StartLogger - Error starting RmiManager: 
java.rmi.server.ExportException: Port already in use: 7652; nested exception is: 
	java.net.BindException: Address already in use: NET_Bind
	at java.rmi/sun.rmi.transport.tcp.TCPTransport.listen(TCPTransport.java:335)
	at java.rmi/sun.rmi.transport.tcp.TCPTransport.exportObject(TCPTransport.java:243)
	at java.rmi/sun.rmi.transport.tcp.TCPEndpoint.exportObject(TCPEndpoint.java:412)
	at java.rmi/sun.rmi.transport.LiveRef.exportObject(LiveRef.java:147)
	at java.rmi/sun.rmi.server.UnicastServerRef.exportObject(UnicastServerRef.java:234)
	at java.rmi/sun.rmi.registry.RegistryImpl.setup(RegistryImpl.java:220)
	at java.rmi/sun.rmi.registry.RegistryImpl.<init>(RegistryImpl.java:180)
	at java.rmi/sun.rmi.registry.RegistryImpl.<init>(RegistryImpl.java:151)
	at java.rmi/java.rmi.registry.LocateRegistry.createRegistry(LocateRegistry.java:239)
	at lsfusion.base.remote.RMIUtils.createRmiRegistry(RMIUtils.java:32)
	at lsfusion.server.base.controller.remote.RmiManager.initRegistry(RmiManager.java:173)
	at lsfusion.server.base.controller.remote.RmiManager.onStarted(RmiManager.java:102)
	at lsfusion.server.base.controller.lifecycle.LifecycleAdapter.lifecycleEvent(LifecycleAdapter.java:22)
	at lsfusion.server.base.controller.manager.LifecycleManager.fireLifecycleEvent(LifecycleManager.java:39)
	at lsfusion.server.base.controller.manager.LifecycleManager.fireStarted(LifecycleManager.java:48)
	at lsfusion.server.logics.LogicsInstance.start(LogicsInstance.java:195)
	at lsfusion.server.logics.BusinessLogicsBootstrap.start(BusinessLogicsBootstrap.java:54)
	at lsfusion.server.logics.BusinessLogicsBootstrap.main(BusinessLogicsBootstrap.java:168)
Caused by: java.net.BindException: Address already in use: NET_Bind
	at java.base/java.net.PlainSocketImpl.bind0(Native Method)
	at java.base/java.net.PlainSocketImpl.socketBind(PlainSocketImpl.java:132)
	at java.base/java.net.AbstractPlainSocketImpl.bind(AbstractPlainSocketImpl.java:452)
	at java.base/java.net.ServerSocket.bind(ServerSocket.java:395)
	at java.base/java.net.ServerSocket.<init>(ServerSocket.java:257)
	at java.base/java.net.ServerSocket.<init>(ServerSocket.java:201)
	at lsfusion.base.remote.CountZipServerSocket.<init>(CountZipServerSocket.java:10)
	at lsfusion.server.base.controller.remote.ZipServerSocketFactory.createServerSocket(ZipServerSocketFactory.java:17)
	at lsfusion.server.base.controller.remote.ZipServerSocketFactory.createServerSocket(ZipServerSocketFactory.java:1)
	at java.rmi/sun.rmi.transport.tcp.TCPEndpoint.newServerSocket(TCPEndpoint.java:670)
	at java.rmi/sun.rmi.transport.tcp.TCPTransport.listen(TCPTransport.java:324)
	... 17 more
27 дек. 2022 13:47:32,624 ERROR StartLogger - Exception while starting logics instance: 
java.lang.RuntimeException: java.rmi.server.ExportException: Port already in use: 7652; nested exception is: 
	java.net.BindException: Address already in use: NET_Bind
	at com.google.common.base.Throwables.propagate(Throwables.java:160)
	at lsfusion.server.base.controller.remote.RmiManager.onStarted(RmiManager.java:105)
	at lsfusion.server.base.controller.lifecycle.LifecycleAdapter.lifecycleEvent(LifecycleAdapter.java:22)
	at lsfusion.server.base.controller.manager.LifecycleManager.fireLifecycleEvent(LifecycleManager.java:39)
	at lsfusion.server.base.controller.manager.LifecycleManager.fireStarted(LifecycleManager.java:48)
	at lsfusion.server.logics.LogicsInstance.start(LogicsInstance.java:195)
	at lsfusion.server.logics.BusinessLogicsBootstrap.start(BusinessLogicsBootstrap.java:54)
	at lsfusion.server.logics.BusinessLogicsBootstrap.main(BusinessLogicsBootstrap.java:168)
Caused by: java.rmi.server.ExportException: Port already in use: 7652; nested exception is: 
	java.net.BindException: Address already in use: NET_Bind
	at java.rmi/sun.rmi.transport.tcp.TCPTransport.listen(TCPTransport.java:335)
	at java.rmi/sun.rmi.transport.tcp.TCPTransport.exportObject(TCPTransport.java:243)
	at java.rmi/sun.rmi.transport.tcp.TCPEndpoint.exportObject(TCPEndpoint.java:412)
	at java.rmi/sun.rmi.transport.LiveRef.exportObject(LiveRef.java:147)
	at java.rmi/sun.rmi.server.UnicastServerRef.exportObject(UnicastServerRef.java:234)
	at java.rmi/sun.rmi.registry.RegistryImpl.setup(RegistryImpl.java:220)
	at java.rmi/sun.rmi.registry.RegistryImpl.<init>(RegistryImpl.java:180)
	at java.rmi/sun.rmi.registry.RegistryImpl.<init>(RegistryImpl.java:151)
	at java.rmi/java.rmi.registry.LocateRegistry.createRegistry(LocateRegistry.java:239)
	at lsfusion.base.remote.RMIUtils.createRmiRegistry(RMIUtils.java:32)
	at lsfusion.server.base.controller.remote.RmiManager.initRegistry(RmiManager.java:173)
	at lsfusion.server.base.controller.remote.RmiManager.onStarted(RmiManager.java:102)
	... 6 more
Caused by: java.net.BindException: Address already in use: NET_Bind
	at java.base/java.net.PlainSocketImpl.bind0(Native Method)
	at java.base/java.net.PlainSocketImpl.socketBind(PlainSocketImpl.java:132)
	at java.base/java.net.AbstractPlainSocketImpl.bind(AbstractPlainSocketImpl.java:452)
	at java.base/java.net.ServerSocket.bind(ServerSocket.java:395)
	at java.base/java.net.ServerSocket.<init>(ServerSocket.java:257)
	at java.base/java.net.ServerSocket.<init>(ServerSocket.java:201)
	at lsfusion.base.remote.CountZipServerSocket.<init>(CountZipServerSocket.java:10)
	at lsfusion.server.base.controller.remote.ZipServerSocketFactory.createServerSocket(ZipServerSocketFactory.java:17)
	at lsfusion.server.base.controller.remote.ZipServerSocketFactory.createServerSocket(ZipServerSocketFactory.java:1)
	at java.rmi/sun.rmi.transport.tcp.TCPEndpoint.newServerSocket(TCPEndpoint.java:670)
	at java.rmi/sun.rmi.transport.tcp.TCPTransport.listen(TCPTransport.java:324)
	... 17 more
27 дек. 2022 13:47:32,627  INFO StartLogger - Error starting server, server will be stopped.
27 дек. 2022 13:47:32,627  INFO StartLogger - Server is stopping...
27 дек. 2022 13:47:32,627  INFO StartLogger - Logics instance is stopping...
27 дек. 2022 13:47:32,627  INFO StartLogger - Logics instance has stopped...
27 дек. 2022 13:47:32,628  INFO StartLogger - Server has stopped...
27 дек. 2022 13:48:09,345  INFO StartLogger - Server is starting...
27 дек. 2022 13:48:10,001  INFO StartLogger - Logics instance is starting...
27 дек. 2022 13:48:10,027  INFO StartLogger - Initializing BusinessLogics
27 дек. 2022 13:48:10,031  INFO StartLogger - Initializing localizer
27 дек. 2022 13:48:10,032  INFO StartLogger - Initializing string literals data
27 дек. 2022 13:48:10,032  INFO StartLogger - Creating modules
27 дек. 2022 13:48:10,265  INFO StartLogger - Initializing dependencies
27 дек. 2022 13:48:10,348  INFO StartLogger - Initializing modules order
27 дек. 2022 13:48:10,349  INFO StartLogger - Initializing metacodes and classes
27 дек. 2022 13:48:10,649  INFO StartLogger - Initializing object class
27 дек. 2022 13:48:10,652  INFO StartLogger - Initializing tables
27 дек. 2022 13:48:10,703  INFO StartLogger - Initializing class tables
27 дек. 2022 13:48:10,768  INFO StartLogger - Initializing full tables with one key
27 дек. 2022 13:48:10,769  INFO StartLogger - Initializing main logic
27 дек. 2022 13:48:10,777  INFO StartLogger - Initializing main logic for module : #1 of 48 System (actual: 1)
27 дек. 2022 13:48:11,142  INFO StartLogger - Initializing main logic for module : #2 of 48 Image (actual: 17)
27 дек. 2022 13:48:11,142  INFO StartLogger - Initializing main logic for module : #4 of 48 OpenCV (actual: 46)
27 дек. 2022 13:48:11,142  INFO StartLogger - Initializing main logic for module : #6 of 48 Stock (actual: 9)
27 дек. 2022 13:48:11,142  INFO StartLogger - Initializing main logic for module : #5 of 48 LegalEntity (actual: 11)
27 дек. 2022 13:48:11,142  INFO StartLogger - Initializing main logic for module : #3 of 48 Printer (actual: 16)
27 дек. 2022 13:48:11,143  INFO StartLogger - Initializing main logic for module : #9 of 48 Item (actual: 10)
27 дек. 2022 13:48:11,143  INFO StartLogger - Initializing main logic for module : #8 of 48 ProcessUtils (actual: 31)
27 дек. 2022 13:48:11,143  INFO StartLogger - Initializing main logic for module : #7 of 48 MasterData (actual: 6)
27 дек. 2022 13:48:11,143  INFO StartLogger - Initializing main logic for module : #10 of 48 Sound (actual: 30)
27 дек. 2022 13:48:11,143  INFO StartLogger - Initializing main logic for module : #11 of 48 DefaultData (actual: 18)
27 дек. 2022 13:48:11,143  INFO StartLogger - Initializing main logic for module : #12 of 48 Integration (actual: 41)
27 дек. 2022 13:48:11,143  INFO StartLogger - Initializing main logic for module : #13 of 48 Time (actual: 2)
27 дек. 2022 13:48:11,144  INFO StartLogger - Initializing main logic for module : #14 of 48 Com (actual: 43)
27 дек. 2022 13:48:11,154  INFO StartLogger - Initializing main logic for module : #15 of 48 Numerator (actual: 19)
27 дек. 2022 13:48:11,162  INFO StartLogger - Initializing main logic for module : #16 of 48 Shipment (actual: 13)
27 дек. 2022 13:48:11,162  INFO StartLogger - Initializing main logic for module : #17 of 48 Receipt (actual: 12)
27 дек. 2022 13:48:11,186  INFO StartLogger - Initializing main logic for module : #18 of 48 StockItem (actual: 14)
27 дек. 2022 13:48:11,197  INFO StartLogger - Initializing main logic for module : #19 of 48 StockAccounting (actual: 15)
27 дек. 2022 13:48:11,232  INFO StartLogger - Initializing main logic for module : #20 of 48 Utils (actual: 7)
27 дек. 2022 13:48:11,232  INFO StartLogger - Initializing main logic for module : #21 of 48 Authentication (actual: 3)
27 дек. 2022 13:48:11,281  INFO StartLogger - Initializing main logic for module : #22 of 48 Geo (actual: 32)
27 дек. 2022 13:48:11,281  INFO StartLogger - Initializing main logic for module : #23 of 48 Excel (actual: 23)
27 дек. 2022 13:48:11,281  INFO StartLogger - Initializing main logic for module : #25 of 48 Hierarchy (actual: 22)
27 дек. 2022 13:48:11,281  INFO StartLogger - Initializing main logic for module : #24 of 48 I18n (actual: 29)
27 дек. 2022 13:48:11,282  INFO StartLogger - Initializing main logic for module : #26 of 48 Schedule (actual: 47)
27 дек. 2022 13:48:11,282  INFO StartLogger - Initializing main logic for module : #27 of 48 Fax (actual: 48)
27 дек. 2022 13:48:11,384  INFO StartLogger - Initializing main logic for module : #28 of 48 Document (actual: 20)
27 дек. 2022 13:48:11,384  INFO StartLogger - Initializing main logic for module : #29 of 48 Reflection (actual: 4)
27 дек. 2022 13:48:11,384  INFO StartLogger - Initializing main logic for module : #31 of 48 ProcessMonitor (actual: 39)
27 дек. 2022 13:48:11,384  INFO StartLogger - Initializing main logic for module : #30 of 48 Historizable (actual: 21)
27 дек. 2022 13:48:11,516  INFO StartLogger - Initializing main logic for module : #32 of 48 Messenger (actual: 33)
27 дек. 2022 13:48:11,516  INFO StartLogger - Initializing main logic for module : #33 of 48 SystemEvents (actual: 5)
27 дек. 2022 13:48:11,516  INFO StartLogger - Initializing main logic for module : #34 of 48 Email (actual: 24)
27 дек. 2022 13:48:11,532  INFO StartLogger - Initializing main logic for module : #35 of 48 Skype (actual: 45)
27 дек. 2022 13:48:11,532  INFO StartLogger - Initializing main logic for module : #36 of 48 Viber (actual: 34)
27 дек. 2022 13:48:11,532  INFO StartLogger - Initializing main logic for module : #37 of 48 Slack (actual: 35)
27 дек. 2022 13:48:11,532  INFO StartLogger - Initializing main logic for module : #38 of 48 Telegram (actual: 44)
27 дек. 2022 13:48:11,613  INFO StartLogger - Initializing main logic for module : #39 of 48 Word (actual: 8)
27 дек. 2022 13:48:11,613  INFO StartLogger - Initializing main logic for module : #40 of 48 Security (actual: 25)
27 дек. 2022 13:48:11,792  INFO StartLogger - Initializing main logic for module : #41 of 48 Service (actual: 26)
27 дек. 2022 13:48:11,875  INFO StartLogger - Initializing main logic for module : #42 of 48 Eval (actual: 28)
27 дек. 2022 13:48:11,875  INFO StartLogger - Initializing main logic for module : #44 of 48 Profiler (actual: 27)
27 дек. 2022 13:48:11,876  INFO StartLogger - Initializing main logic for module : #45 of 48 Scheduler (actual: 36)
27 дек. 2022 13:48:11,875  INFO StartLogger - Initializing main logic for module : #43 of 48 SQLUtils (actual: 40)
27 дек. 2022 13:48:11,876  INFO StartLogger - Initializing main logic for module : #46 of 48 Chat (actual: 42)
27 дек. 2022 13:48:11,917  INFO StartLogger - Initializing main logic for module : #47 of 48 SchedulerDefaultData (actual: 37)
27 дек. 2022 13:48:11,920  INFO StartLogger - Initializing main logic for module : #48 of 48 Backup (actual: 38)
27 дек. 2022 13:48:11,948  INFO StartLogger - Finalizing classes
27 дек. 2022 13:48:11,948  INFO StartLogger - Checking for duplicate elements
27 дек. 2022 13:48:11,948  INFO StartLogger - Finalizing groups
27 дек. 2022 13:48:11,966  INFO StartLogger - Filling implicit cases
27 дек. 2022 13:48:11,966  INFO StartLogger - Finalizing abstract actions
27 дек. 2022 13:48:11,966  INFO StartLogger - Initializing abstract properties
27 дек. 2022 13:48:12,003  INFO StartLogger - Initializing class aggr props
27 дек. 2022 13:48:12,003  INFO StartLogger - Initializing fields for data and materialized properties
27 дек. 2022 13:48:12,003  INFO StartLogger - Checking abstract
27 дек. 2022 13:48:12,011  INFO StartLogger - Looking for recursions in abstract actions / properties
27 дек. 2022 13:48:12,042  INFO StartLogger - Finalizing navigator elements
27 дек. 2022 13:48:12,043  INFO StartLogger - Setup reset files
27 дек. 2022 13:48:12,043  INFO StartLogger - Setup drill-down
27 дек. 2022 13:48:12,042  INFO StartLogger - Setup property policy
27 дек. 2022 13:48:12,044  INFO StartLogger - Initializing reflection events
27 дек. 2022 13:48:12,044  INFO StartLogger - Finalizing tables
27 дек. 2022 13:48:12,044  INFO StartLogger - Initializing indices
27 дек. 2022 13:48:12,083  INFO StartLogger - Setup action policy
27 дек. 2022 13:48:12,083  INFO StartLogger - Showing dependencies
27 дек. 2022 13:48:12,505  INFO StartLogger - Setting user logging for properties
27 дек. 2022 13:48:12,522  INFO StartLogger - Setting user not null constraints for properties
27 дек. 2022 13:48:12,525  INFO StartLogger - Reading property links
27 дек. 2022 13:48:12,525  INFO StartLogger - Setup loggables
27 дек. 2022 13:48:12,525  INFO StartLogger - Initializing class data indexes
27 дек. 2022 13:48:12,533  INFO StartLogger - Finalizing properties
27 дек. 2022 13:48:12,713  INFO StartLogger - Building property list
27 дек. 2022 13:48:12,802  INFO StartLogger - Initializing class dialog forms
27 дек. 2022 13:48:12,920  INFO StartLogger - Finalizing forms
27 дек. 2022 13:48:13,018  INFO StartLogger - Initializing actions' debugger
27 дек. 2022 13:48:13,019  INFO StartLogger - Synchronizing DB
27 дек. 2022 13:48:13,064  INFO StartLogger - Checking indices
27 дек. 2022 13:48:13,065  INFO StartLogger - Applying migration script (0.0 -> 0.0)
27 дек. 2022 13:48:13,093  INFO StartLogger - Creating tables
27 дек. 2022 13:48:13,102  INFO StartLogger - Packing tables
27 дек. 2022 13:48:13,102  INFO StartLogger - Adding indices
27 дек. 2022 13:48:13,102  INFO StartLogger - Filling static objects ids
27 дек. 2022 13:48:13,249  INFO StartLogger - Updating stats
27 дек. 2022 13:48:13,268  INFO StartLogger - Writing static objects changes
27 дек. 2022 13:48:13,391  INFO StartLogger - Migrating reflection properties and actions
27 дек. 2022 13:48:13,420  INFO StartLogger - Recalculating aggregations
27 дек. 2022 13:48:13,659  INFO StartLogger - Initializing Security Manager.
27 дек. 2022 13:48:13,680  INFO StartLogger - Starting Security Manager.
27 дек. 2022 13:48:13,729  INFO StartLogger - Starting RMI Manager
27 дек. 2022 13:48:13,908  INFO StartLogger - Executing onStarted action
27 дек. 2022 13:48:16,522  INFO StartLogger - Starting Scheduler
27 дек. 2022 13:48:16,823  INFO StartLogger - Exporting RMI Logics object (port: 7652)
27 дек. 2022 13:48:16,849  INFO StartLogger - Reading modules hash
27 дек. 2022 13:48:16,849  INFO StartLogger - Prereading caches for properties
27 дек. 2022 13:48:16,849  INFO StartLogger - Prereading properties graph
27 дек. 2022 13:48:16,850  INFO StartLogger - Prereading caches for properties ended
27 дек. 2022 13:48:16,852  INFO StartLogger - Comparing modulesHash: old null, new e56fa53a
27 дек. 2022 13:48:16,853  INFO StartLogger - Synchronizing property entities
27 дек. 2022 13:48:16,854  INFO StartLogger - Synchronizing forms
27 дек. 2022 13:48:16,854  INFO StartLogger - Synchronizing group properties
27 дек. 2022 13:48:16,854  INFO StartLogger - Synchronizing tables
27 дек. 2022 13:48:16,854  INFO StartLogger - synchronizeTables collecting data started
27 дек. 2022 13:48:16,854  INFO StartLogger - Synchronizing property parents
27 дек. 2022 13:48:16,854  INFO StartLogger - Synchronizing group objects
27 дек. 2022 13:48:16,854  INFO StartLogger - Synchronizing navigator elements
27 дек. 2022 13:48:16,855  INFO StartLogger - Synchronizing parents
27 дек. 2022 13:48:16,855  INFO StartLogger - Synchronizing property draws
27 дек. 2022 13:48:16,855  INFO StartLogger - Prereading security policies
27 дек. 2022 13:48:16,856  INFO StartLogger - synchronizeTables integration service started
27 дек. 2022 13:48:26,454  INFO StartLogger - synchronizeTables finished
27 дек. 2022 13:48:26,454  INFO StartLogger - Recalculating Stats at first start
27 дек. 2022 13:48:26,454  INFO StartLogger - Writing modules hash
27 дек. 2022 13:48:26,454  INFO StartLogger - Writing modulesHash e56fa53a
27 дек. 2022 13:48:26,482  INFO StartLogger - Writing modulesHash finished successfully
27 дек. 2022 13:48:26,486  INFO StartLogger - Obsolete caches were successfully cleaned
27 дек. 2022 13:48:26,486  INFO StartLogger - Logics instance has successfully started
27 дек. 2022 13:48:26,487  INFO StartLogger - Desktop Client is available at:
27 дек. 2022 13:48:26,487  INFO StartLogger - Java Web Start (with auto update, requires JDK): https://download.lsfusion.org/java/lsfusion-client-4.1.jnlp
27 дек. 2022 13:48:26,487  INFO StartLogger - Installer for Windows (without auto update): https://download.lsfusion.org/exe/lsfusion-desktop-4.1-x64.exe
27 дек. 2022 13:48:26,487  INFO StartLogger - Server has successfully started in 17142 ms.
