27 дек. 2022 13:47:32,620 ERROR StartLogger - Error starting RmiManager: 
java.rmi.server.ExportException: Port already in use: 7652; nested exception is: 
	java.net.BindException: Address already in use: NET_Bind
	at java.rmi/sun.rmi.transport.tcp.TCPTransport.listen(TCPTransport.java:335)
	at java.rmi/sun.rmi.transport.tcp.TCPTransport.exportObject(TCPTransport.java:243)
	at java.rmi/sun.rmi.transport.tcp.TCPEndpoint.exportObject(TCPEndpoint.java:412)
	at java.rmi/sun.rmi.transport.LiveRef.exportObject(LiveRef.java:147)
	at java.rmi/sun.rmi.server.UnicastServerRef.exportObject(UnicastServerRef.java:234)
	at java.rmi/sun.rmi.registry.RegistryImpl.setup(RegistryImpl.java:220)
	at java.rmi/sun.rmi.registry.RegistryImpl.<init>(RegistryImpl.java:180)
	at java.rmi/sun.rmi.registry.RegistryImpl.<init>(RegistryImpl.java:151)
	at java.rmi/java.rmi.registry.LocateRegistry.createRegistry(LocateRegistry.java:239)
	at lsfusion.base.remote.RMIUtils.createRmiRegistry(RMIUtils.java:32)
	at lsfusion.server.base.controller.remote.RmiManager.initRegistry(RmiManager.java:173)
	at lsfusion.server.base.controller.remote.RmiManager.onStarted(RmiManager.java:102)
	at lsfusion.server.base.controller.lifecycle.LifecycleAdapter.lifecycleEvent(LifecycleAdapter.java:22)
	at lsfusion.server.base.controller.manager.LifecycleManager.fireLifecycleEvent(LifecycleManager.java:39)
	at lsfusion.server.base.controller.manager.LifecycleManager.fireStarted(LifecycleManager.java:48)
	at lsfusion.server.logics.LogicsInstance.start(LogicsInstance.java:195)
	at lsfusion.server.logics.BusinessLogicsBootstrap.start(BusinessLogicsBootstrap.java:54)
	at lsfusion.server.logics.BusinessLogicsBootstrap.main(BusinessLogicsBootstrap.java:168)
Caused by: java.net.BindException: Address already in use: NET_Bind
	at java.base/java.net.PlainSocketImpl.bind0(Native Method)
	at java.base/java.net.PlainSocketImpl.socketBind(PlainSocketImpl.java:132)
	at java.base/java.net.AbstractPlainSocketImpl.bind(AbstractPlainSocketImpl.java:452)
	at java.base/java.net.ServerSocket.bind(ServerSocket.java:395)
	at java.base/java.net.ServerSocket.<init>(ServerSocket.java:257)
	at java.base/java.net.ServerSocket.<init>(ServerSocket.java:201)
	at lsfusion.base.remote.CountZipServerSocket.<init>(CountZipServerSocket.java:10)
	at lsfusion.server.base.controller.remote.ZipServerSocketFactory.createServerSocket(ZipServerSocketFactory.java:17)
	at lsfusion.server.base.controller.remote.ZipServerSocketFactory.createServerSocket(ZipServerSocketFactory.java:1)
	at java.rmi/sun.rmi.transport.tcp.TCPEndpoint.newServerSocket(TCPEndpoint.java:670)
	at java.rmi/sun.rmi.transport.tcp.TCPTransport.listen(TCPTransport.java:324)
	... 17 more
27 дек. 2022 13:47:32,624 ERROR StartLogger - Exception while starting logics instance: 
java.lang.RuntimeException: java.rmi.server.ExportException: Port already in use: 7652; nested exception is: 
	java.net.BindException: Address already in use: NET_Bind
	at com.google.common.base.Throwables.propagate(Throwables.java:160)
	at lsfusion.server.base.controller.remote.RmiManager.onStarted(RmiManager.java:105)
	at lsfusion.server.base.controller.lifecycle.LifecycleAdapter.lifecycleEvent(LifecycleAdapter.java:22)
	at lsfusion.server.base.controller.manager.LifecycleManager.fireLifecycleEvent(LifecycleManager.java:39)
	at lsfusion.server.base.controller.manager.LifecycleManager.fireStarted(LifecycleManager.java:48)
	at lsfusion.server.logics.LogicsInstance.start(LogicsInstance.java:195)
	at lsfusion.server.logics.BusinessLogicsBootstrap.start(BusinessLogicsBootstrap.java:54)
	at lsfusion.server.logics.BusinessLogicsBootstrap.main(BusinessLogicsBootstrap.java:168)
Caused by: java.rmi.server.ExportException: Port already in use: 7652; nested exception is: 
	java.net.BindException: Address already in use: NET_Bind
	at java.rmi/sun.rmi.transport.tcp.TCPTransport.listen(TCPTransport.java:335)
	at java.rmi/sun.rmi.transport.tcp.TCPTransport.exportObject(TCPTransport.java:243)
	at java.rmi/sun.rmi.transport.tcp.TCPEndpoint.exportObject(TCPEndpoint.java:412)
	at java.rmi/sun.rmi.transport.LiveRef.exportObject(LiveRef.java:147)
	at java.rmi/sun.rmi.server.UnicastServerRef.exportObject(UnicastServerRef.java:234)
	at java.rmi/sun.rmi.registry.RegistryImpl.setup(RegistryImpl.java:220)
	at java.rmi/sun.rmi.registry.RegistryImpl.<init>(RegistryImpl.java:180)
	at java.rmi/sun.rmi.registry.RegistryImpl.<init>(RegistryImpl.java:151)
	at java.rmi/java.rmi.registry.LocateRegistry.createRegistry(LocateRegistry.java:239)
	at lsfusion.base.remote.RMIUtils.createRmiRegistry(RMIUtils.java:32)
	at lsfusion.server.base.controller.remote.RmiManager.initRegistry(RmiManager.java:173)
	at lsfusion.server.base.controller.remote.RmiManager.onStarted(RmiManager.java:102)
	... 6 more
Caused by: java.net.BindException: Address already in use: NET_Bind
	at java.base/java.net.PlainSocketImpl.bind0(Native Method)
	at java.base/java.net.PlainSocketImpl.socketBind(PlainSocketImpl.java:132)
	at java.base/java.net.AbstractPlainSocketImpl.bind(AbstractPlainSocketImpl.java:452)
	at java.base/java.net.ServerSocket.bind(ServerSocket.java:395)
	at java.base/java.net.ServerSocket.<init>(ServerSocket.java:257)
	at java.base/java.net.ServerSocket.<init>(ServerSocket.java:201)
	at lsfusion.base.remote.CountZipServerSocket.<init>(CountZipServerSocket.java:10)
	at lsfusion.server.base.controller.remote.ZipServerSocketFactory.createServerSocket(ZipServerSocketFactory.java:17)
	at lsfusion.server.base.controller.remote.ZipServerSocketFactory.createServerSocket(ZipServerSocketFactory.java:1)
	at java.rmi/sun.rmi.transport.tcp.TCPEndpoint.newServerSocket(TCPEndpoint.java:670)
	at java.rmi/sun.rmi.transport.tcp.TCPTransport.listen(TCPTransport.java:324)
	... 17 more
27 дек. 2022 13:48:31,158 ERROR LogicsModule - lsfusion.gwt.client.base.exception.RemoteRetryException no such object in table at '27.12.2022, 13:48' from '127.0.0.1 - web': 
null
	at java.lang.Throwable.Throwable(Throwable.java:63)
	at java.lang.Exception.Exception(Exception.java:25)
	at net.customware.gwt.dispatch.shared.DispatchException.DispatchException(DispatchException.java:15)
	at lsfusion.gwt.client.base.exception.RemoteRetryException.RemoteRetryException(RemoteRetryException.java:8)
	at lsfusion.gwt.client.base.exception.RemoteRetryException_FieldSerializer.instantiate(RemoteRetryException_FieldSerializer.java:17)
	at com.google.gwt.user.client.rpc.impl.SerializerBase$MethodMap.$instantiate(SerializerBase.java:55)
	at com.google.gwt.user.client.rpc.impl.SerializerBase.$instantiate(SerializerBase.java:112)
	at com.google.gwt.user.client.rpc.impl.AbstractSerializationStreamReader.$readObject(ClientSerializationStreamReader.java:129)
	at com.google.gwt.user.client.rpc.impl.RequestCallbackAdapter.onResponseReceived(RequestCallbackAdapter.java:216)
	at com.google.gwt.http.client.Request.$fireOnResponseReceived(Request.java:250)
	at com.google.gwt.http.client.RequestBuilder$1.onReadyStateChange(RequestBuilder.java:412)
	at Unknown.anonymous(XMLHttpRequest.java:329)
	at com.google.gwt.core.client.impl.Impl.apply(Impl.java:309)
	at com.google.gwt.core.client.impl.Impl.entry0(Impl.java:361)
	at Unknown.anonymous(Impl.java:78)

